All with sin^2\theta_{12} = 0.327, ms_{12} = 4.8e-5 eV^2.
-----------------------------------------------------------------
2kt*5yr, 1*Bi210
Fit results:
        pp             5.97997  \pm      0.0283797          0.00474579
       pep           0.0143983  \pm     0.00047488           0.0329817
       hep            8.04e-07  \pm              0                   0
   Be7_384           0.0526001  \pm    0.000203442          0.00386771
   Be7_862            0.447401  \pm     0.00173042          0.00386771
        B8         0.000524975  \pm    7.61901e-06           0.0145131
       N13           0.0296109  \pm     0.00739571            0.249763
       O15           0.0228701  \pm     0.00239828            0.104865
       F17            0.000552  \pm              0                   0
      Kr85               36427  \pm        6577.25            0.180559
     Bi210              911440  \pm        10179.6           0.0111687
       C11             5462.92  \pm        172.481            0.031573
       C14         1.25223e+11  \pm    1.19033e+06         9.50576e-06
       C10             113.218  \pm        115.021             1.01593
     Tl208             3053.84  \pm        82.8044           0.0271148
      Be11              6.1136  \pm              0                   0
  ExtTl208             45989.7  \pm        233.187          0.00507041
-----------------------------------------------------------------
2kt*5yr, 0.5*Bi210
Fit results:
        pp             5.97997  \pm      0.0271844          0.00454592
       pep           0.0143977  \pm    0.000465956           0.0323632
       hep            8.04e-07  \pm              0                   0
   Be7_384           0.0526001  \pm    0.000180065          0.00342327
   Be7_862            0.447401  \pm     0.00153158          0.00342327
        B8         0.000524976  \pm    7.60824e-06           0.0144926
       N13           0.0296122  \pm     0.00641971            0.216793
       O15           0.0228731  \pm     0.00236094            0.103219
       F17            0.000552  \pm              0                   0
      Kr85             36424.1  \pm        5638.43              0.1548
     Bi210              455672  \pm        9410.46           0.0206518
       C11             5462.64  \pm         172.95           0.0316605
       C14         1.25223e+11  \pm    1.18985e+06         9.50188e-06
       C10             113.231  \pm        114.191             1.00848
     Tl208             3053.85  \pm        82.6405           0.0270611
      Be11              6.1136  \pm              0                   0
  ExtTl208             45989.7  \pm        228.046          0.00495863
-----------------------------------------------------------------
2kt*5yr, 0.2*Bi210
Fit results:
        pp             5.97996  \pm      0.0263297          0.00440299
       pep           0.0143974  \pm     0.00046641           0.0323954
       hep            8.04e-07  \pm              0                   0
   Be7_384           0.0526002  \pm    0.000163131          0.00310135
   Be7_862            0.447401  \pm     0.00138755          0.00310135
        B8         0.000524976  \pm     7.6039e-06           0.0144843
       N13           0.0296172  \pm     0.00561837              0.1897
       O15           0.0228751  \pm     0.00235189            0.102815
       F17            0.000552  \pm              0                   0
      Kr85             36418.4  \pm        5116.29            0.140486
     Bi210              182203  \pm        8786.07           0.0482213
       C11             5462.49  \pm        172.897           0.0316517
       C14         1.25223e+11  \pm    1.19021e+06         9.50477e-06
       C10             113.232  \pm        119.162             1.05237
     Tl208             3053.84  \pm        81.7259           0.0267617
      Be11              6.1136  \pm              0                   0
  ExtTl208             45989.8  \pm        243.006          0.00528391
-----------------------------------------------------------------
2t*5yr, 0.1*Bi210
Fit results:
        pp             5.97994  \pm      0.0255401          0.00427096
       pep           0.0143977  \pm    0.000464422           0.0322568
       hep            8.04e-07  \pm              0                   0
   Be7_384           0.0526001  \pm    0.000154975          0.00294629
   Be7_862              0.4474  \pm     0.00131817          0.00294629
        B8         0.000524976  \pm    7.59999e-06           0.0144768
       N13           0.0296142  \pm     0.00539418            0.182148
       O15           0.0228737  \pm     0.00233996            0.102299
       F17            0.000552  \pm              0                   0
      Kr85             36424.7  \pm        5059.57            0.138905
     Bi210             91060.2  \pm        8651.58           0.0950095
       C11             5462.53  \pm        171.177           0.0313365
       C14         1.25223e+11  \pm    1.19058e+06         9.50775e-06
       C10             113.258  \pm        117.111             1.03402
     Tl208             3053.82  \pm        82.3894           0.0269791
      Be11              6.1136  \pm              0                   0
  ExtTl208             45989.8  \pm        231.655           0.0050371
-----------------------------------------------------------------
200t*5yr, 1*Bi210
Fit results:
        pp             5.97999  \pm      0.0895644           0.0149774
       pep           0.0143971  \pm     0.00148334             0.10303
       hep            8.04e-07  \pm              0                   0
   Be7_384           0.0526002  \pm    0.000643486           0.0122335
   Be7_862            0.447402  \pm      0.0054733           0.0122335
        B8         0.000524979  \pm    2.41421e-05           0.0459868
       N13           0.0296102  \pm      0.0233054            0.787073
       O15           0.0228761  \pm      0.0074848            0.327189
       F17            0.000552  \pm              0                   0
      Kr85             3642.49  \pm        2034.72            0.558608
     Bi210             91142.1  \pm        3189.29           0.0349925
       C11             546.204  \pm        54.3189           0.0994482
       C14         1.25223e+10  \pm         376402         3.00587e-05
       C10             11.3464  \pm        36.4264              3.2104
     Tl208             305.385  \pm        26.1969           0.0857833
      Be11             0.61136  \pm              0                   0
  ExtTl208             4598.97  \pm        73.9571           0.0160812
-----------------------------------------------------------------
200t*5yr, 0.5*Bi210
Fit results:
        pp             5.97997  \pm      0.0862451           0.0144223
       pep           0.0143977  \pm     0.00146816            0.101972
       hep            8.04e-07  \pm              0                   0
   Be7_384           0.0526002  \pm    0.000569053           0.0108185
   Be7_862            0.447401  \pm      0.0048402           0.0108185
        B8         0.000524975  \pm    2.41295e-05           0.0459632
       N13           0.0296129  \pm      0.0203122            0.685924
       O15           0.0228734  \pm      0.0074119             0.32404
       F17            0.000552  \pm              0                   0
      Kr85             3642.27  \pm        1780.89            0.488951
     Bi210             45566.9  \pm        2958.16           0.0649191
       C11             546.262  \pm        54.3407           0.0994775
       C14         1.25223e+10  \pm         376352         3.00546e-05
       C10             11.3245  \pm        36.1216              3.1897
     Tl208             305.385  \pm        26.1468           0.0856191
      Be11             0.61136  \pm              0                   0
  ExtTl208             4598.97  \pm        72.3454           0.0157308
-----------------------------------------------------------------
200t*5yr, 0.2*Bi210
Fit results:
        pp             5.98085  \pm      0.0800536            0.013385
       pep           0.0144222  \pm     0.00132598           0.0919407
       hep            8.04e-07  \pm              0                   0
   Be7_384           0.0526045  \pm    0.000502672          0.00955568
   Be7_862            0.447438  \pm     0.00427558          0.00955568
        B8         0.000524957  \pm    2.40845e-05            0.045879
       N13           0.0289867  \pm     0.00778249            0.268485
       O15           0.0226863  \pm     0.00564075            0.248641
       F17            0.000552  \pm              0                   0
      Kr85             3704.78  \pm        1127.51            0.304338
     Bi210             18370.1  \pm        701.157           0.0381684
       C11             547.563  \pm        48.8457           0.0892056
       C14         1.25223e+10  \pm         376530         3.00689e-05
       C10             11.3816  \pm        36.0972             3.17153
     Tl208             305.406  \pm        26.1022           0.0854672
      Be11             0.61136  \pm              0                   0
  ExtTl208             4598.75  \pm        71.3996           0.0155259
-----------------------------------------------------------------
200t*5yr, 0.1*Bi210
Fit results:
        pp             5.98037  \pm      0.0797641           0.0133377
       pep           0.0144152  \pm     0.00115216           0.0799271
       hep            8.04e-07  \pm              0                   0
   Be7_384           0.0526015  \pm     0.00048926          0.00930126
   Be7_862            0.447413  \pm      0.0041615          0.00930126
        B8         0.000524964  \pm    2.40709e-05           0.0458524
       N13           0.0293514  \pm      0.0105013            0.357779
       O15           0.0227572  \pm     0.00434501            0.190929
       F17            0.000552  \pm              0                   0
      Kr85              3668.7  \pm        1206.53            0.328872
     Bi210             9180.23  \pm        505.032            0.055013
       C11             547.007  \pm        46.8171           0.0855878
       C14         1.25223e+10  \pm         376420         3.00601e-05
       C10             11.3512  \pm        36.0596             3.17674
     Tl208             305.394  \pm        26.0929           0.0854401
      Be11             0.61136  \pm              0                   0
  ExtTl208             4598.85  \pm         71.159           0.0154732
