All with sin^2\theta_{12} = 0.327, ms_{12} = 4.8e-5 eV^2, Bi210 of Borexino level.
-----------------------------------------------------------------
10kt*yr
Fit results:
        pp             5.97997  \pm      0.0283797          0.00474579
       pep           0.0143983  \pm     0.00047488           0.0329817
       hep            8.04e-07  \pm              0                   0
   Be7_384           0.0526001  \pm    0.000203442          0.00386771
   Be7_862            0.447401  \pm     0.00173042          0.00386771
        B8         0.000524975  \pm    7.61901e-06           0.0145131
       N13           0.0296109  \pm     0.00739571            0.249763
       O15           0.0228701  \pm     0.00239828            0.104865
       F17            0.000552  \pm              0                   0
      Kr85               36427  \pm        6577.25            0.180559
     Bi210              911440  \pm        10179.6           0.0111687
       C11             5462.92  \pm        172.481            0.031573
       C14         1.25223e+11  \pm    1.19033e+06         9.50576e-06
       C10             113.218  \pm        115.021             1.01593
     Tl208             3053.84  \pm        82.8044           0.0271148
      Be11              6.1136  \pm              0                   0
  ExtTl208             45989.7  \pm        233.187          0.00507041
-----------------------------------------------------------------
20kt*yr
Fit results:
        pp             5.97997  \pm      0.0200331          0.00335003
       pep           0.0143977  \pm    0.000370901           0.0257612
       hep            8.04e-07  \pm              0                   0
   Be7_384           0.0526002  \pm    0.000143807          0.00273396
   Be7_862            0.447401  \pm     0.00122318          0.00273396
        B8         0.000524976  \pm    5.38527e-06           0.0102581
       N13           0.0296118  \pm     0.00495821             0.16744
       O15           0.0228734  \pm      0.0018149           0.0793456
       F17            0.000552  \pm              0                   0
      Kr85             72849.1  \pm         8774.1            0.120442
     Bi210         1.82286e+06  \pm        13660.5            0.007494
       C11             10925.2  \pm         258.58           0.0236681
       C14         2.50445e+11  \pm    1.68288e+06         6.71956e-06
       C10             226.487  \pm        168.661            0.744682
     Tl208              6107.7  \pm        116.979           0.0191526
      Be11             12.2272  \pm              0                   0
  ExtTl208             91979.5  \pm        348.416          0.00378797
-----------------------------------------------------------------
50kt*yr
Fit results:
        pp             5.97997  \pm      0.0122526          0.00204894
       pep           0.0143977  \pm    0.000159282            0.011063
       hep            8.04e-07  \pm              0                   0
   Be7_384           0.0526001  \pm    8.96573e-05          0.00170451
   Be7_862            0.447401  \pm    0.000762599          0.00170451
        B8         0.000524976  \pm    3.40583e-06           0.0064876
       N13           0.0296154  \pm     0.00275199           0.0929241
       O15           0.0228736  \pm    0.000663535           0.0290088
       F17            0.000552  \pm              0                   0
      Kr85              182104  \pm        13504.9           0.0741604
     Bi210         4.55711e+06  \pm        13910.4          0.00305247
       C11               27313  \pm        355.244           0.0130064
       C14         6.26113e+11  \pm     2.6612e+06         4.25035e-06
       C10              566.22  \pm        262.646            0.463858
     Tl208             15269.2  \pm        185.169           0.0121269
      Be11              30.568  \pm              0                   0
  ExtTl208              229949  \pm        547.727          0.00238195
-----------------------------------------------------------------
100kt*yr
Fit results:
        pp             5.97997  \pm     0.00820163          0.00137152
       pep           0.0143975  \pm     0.00012932          0.00898213
       hep            8.04e-07  \pm              0                   0
   Be7_384           0.0526002  \pm    5.68917e-05          0.00108159
   Be7_862            0.447402  \pm    0.000483904          0.00108159
        B8         0.000524975  \pm    2.39815e-06          0.00456811
       N13           0.0296123  \pm    0.000462182           0.0156078
       O15           0.0228742  \pm    0.000557832            0.024387
       F17            0.000552  \pm              0                   0
      Kr85              364235  \pm        12619.2           0.0346458
     Bi210         9.11425e+06  \pm        13360.3          0.00146587
       C11             54625.4  \pm        513.107          0.00939321
       C14         1.25223e+12  \pm    3.75958e+06         3.00232e-06
       C10             1132.62  \pm        369.624            0.326346
     Tl208             30538.5  \pm         260.98          0.00854594
      Be11              61.136  \pm              0                   0
  ExtTl208              459898  \pm        756.429          0.00164478
