 PARAMETER DEFINITIONS:
    NO.   NAME         VALUE      STEP SIZE      LIMITS
     1 sin^2 theta   3.20000e-01  3.00000e-02     no limits
     2 ms           4.80000e-05  1.00000e-05     no limits
 **********
 **    1 **SET ERRDEF           1
 **********
 **********
 **    2 **MIGRAD
 **********
 FIRST CALL TO USER FUNCTION AT NEW START POINT, WITH IFLAG=4.
 START MIGRAD MINIMIZATION.  STRATEGY  1.  CONVERGENCE WHEN EDM .LT. 1.00e-04
 FCN=8831.79 FROM MIGRAD    STATUS=INITIATE        8 CALLS           9 TOTAL
                     EDM= unknown      STRATEGY= 1      NO ERROR MATRIX       
  EXT PARAMETER               CURRENT GUESS       STEP         FIRST   
  NO.   NAME      VALUE            ERROR          SIZE      DERIVATIVE 
   1  sin^2 theta   3.20000e-01   3.00000e-02   3.00000e-02  -9.10873e+01
   2  ms           4.80000e-05   1.00000e-05   1.00000e-05  -8.99949e+04
 MIGRAD FAILS TO FIND IMPROVEMENT
 MACHINE ACCURACY LIMITS FURTHER IMPROVEMENT.
 MIGRAD MINIMIZATION HAS CONVERGED.
 MIGRAD WILL VERIFY CONVERGENCE AND ERROR MATRIX.
 COVARIANCE MATRIX CALCULATED SUCCESSFULLY
 FCN=8829.94 FROM HESSE     STATUS=OK             14 CALLS          61 TOTAL
                     EDM=0.000151892    STRATEGY= 1      ERROR MATRIX ACCURATE 
  EXT PARAMETER                                   STEP         FIRST   
  NO.   NAME      VALUE            ERROR          SIZE      DERIVATIVE 
   1  sin^2 theta   3.24299e-01   2.97260e-02   1.45182e-03   5.68952e-01
   2  ms           8.09731e-05   2.00631e-05   9.29461e-07   1.19346e+03
 MIGRAD FAILS TO FIND IMPROVEMENT
 MACHINE ACCURACY LIMITS FURTHER IMPROVEMENT.
 MIGRAD MINIMIZATION HAS CONVERGED.
 MIGRAD WILL VERIFY CONVERGENCE AND ERROR MATRIX.
 COVARIANCE MATRIX CALCULATED SUCCESSFULLY
 FCN=8829.94 FROM MIGRAD    STATUS=CONVERGED      93 CALLS          94 TOTAL
                     EDM=6.20276e-06    STRATEGY= 1      ERROR MATRIX ACCURATE 
  EXT PARAMETER                                   STEP         FIRST   
  NO.   NAME      VALUE            ERROR          SIZE      DERIVATIVE 
   1  sin^2 theta   3.24227e-01   2.71520e-02   1.38419e-03   1.18967e-01
   2  ms           8.08766e-05   1.62605e-05   8.74975e-07  -6.65157e+01
 EXTERNAL ERROR MATRIX.    NDIM=  26    NPAR=  2    ERR DEF=1
  7.372e-04 -5.065e-08 
 -5.065e-08  2.644e-10 
 PARAMETER  CORRELATION COEFFICIENTS  
       NO.  GLOBAL      1      2
        1  0.11471   1.000 -0.115
        2  0.11471  -0.115  1.000
