 PARAMETER DEFINITIONS:
    NO.   NAME         VALUE      STEP SIZE      LIMITS
     1 e0           3.36000e-01  2.30000e-02     no limits
     2 e1           0.00000e+00  5.10000e-03     no limits
     3 e2          -3.00000e-01  3.40000e-03     no limits
 **********
 **    1 **FIX           3
 **********
 **********
 **    2 **SET ERRDEF           1
 **********
 **********
 **    3 **MIGRAD
 **********
 FIRST CALL TO USER FUNCTION AT NEW START POINT, WITH IFLAG=4.
 START MIGRAD MINIMIZATION.  STRATEGY  1.  CONVERGENCE WHEN EDM .LT. 1.00e-04
 FCN=4332.61 FROM MIGRAD    STATUS=INITIATE        4 CALLS           5 TOTAL
                     EDM= unknown      STRATEGY= 1      NO ERROR MATRIX       
  EXT PARAMETER               CURRENT GUESS       STEP         FIRST   
  NO.   NAME      VALUE            ERROR          SIZE      DERIVATIVE 
   1  e0           3.36000e-01   2.30000e-02   2.30000e-02  -3.20188e+00
   2  e1           0.00000e+00   5.10000e-03   5.10000e-03  -1.04140e+01
   3  e2          -3.00000e-01     fixed    
 MIGRAD MINIMIZATION HAS CONVERGED.
 MIGRAD WILL VERIFY CONVERGENCE AND ERROR MATRIX.
 EIGENVALUES OF SECOND-DERIVATIVE MATRIX:
        -5.4109e-01  2.5411e+00
 MINUIT WARNING IN HESSE   
 ============== MATRIX FORCED POS-DEF BY ADDING 0.543631 TO DIAGONAL.
 FCN=4332.61 FROM HESSE     STATUS=NOT POSDEF     14 CALLS          25 TOTAL
                     EDM=0.19431    STRATEGY= 1      ERR MATRIX NOT POS-DEF
  EXT PARAMETER                APPROXIMATE        STEP         FIRST   
  NO.   NAME      VALUE            ERROR          SIZE      DERIVATIVE 
   1  e0           3.36323e-01   3.70856e-01   6.72947e-04  -4.90858e-01
   2  e1           1.15218e-04   9.18163e-02   2.22910e-04   7.62187e+00
   3  e2          -3.00000e-01     fixed    
 MIGRAD FAILS TO FIND IMPROVEMENT
 MACHINE ACCURACY LIMITS FURTHER IMPROVEMENT.
 MIGRAD MINIMIZATION HAS CONVERGED.
 MIGRAD WILL VERIFY CONVERGENCE AND ERROR MATRIX.
 COVARIANCE MATRIX CALCULATED SUCCESSFULLY
 MIGRAD TERMINATED WITHOUT CONVERGENCE.
 FCN=4332.61 FROM MIGRAD    STATUS=FAILED         60 CALLS          61 TOTAL
                     EDM=3.79579e+08    STRATEGY= 1      ERR MATRIX APPROXIMATE
  EXT PARAMETER                APPROXIMATE        STEP         FIRST   
  NO.   NAME      VALUE            ERROR          SIZE      DERIVATIVE 
   1  e0           3.36745e-01   3.16859e-02   4.64983e-04   3.48912e-01
   2  e1           1.06332e-05   1.03716e-02   1.64580e-04   2.65658e+06
   3  e2          -3.00000e-01     fixed    
 EXTERNAL ERROR MATRIX.    NDIM=  26    NPAR=  2    ERR DEF=1
  1.004e-03 -2.686e-04 
 -2.686e-04  1.076e-04 
ERR MATRIX APPROXIMATE
 PARAMETER  CORRELATION COEFFICIENTS  
       NO.  GLOBAL      1      2
        1  0.81742   1.000 -0.817
        2  0.81742  -0.817  1.000
 ERR MATRIX APPROXIMATE
